# JRE version: OpenJDK Runtime Environment Corretto-17.0.5.8.1 (17.0.5+8) (build 17.0.5+8-LTS)
# Java VM: OpenJDK 64-Bit Server VM Corretto-17.0.5.8.1 (17.0.5+8-LTS, mixed mode, sharing, tiered, compressed oops, compressed class ptrs, g1 gc, bsd-amd64)
GC Precious Log:
 CPUs: 4 total, 4 available
 Memory: 8192M
 Large Page Support: Disabled
 NUMA Support: Disabled
 Compressed Oops: Enabled (Zero based)
 Heap Region Size: 1M
 Heap Min Capacity: 8M
 Heap Initial Capacity: 128M
 Heap Max Capacity: 2G
 Pre-touch: Disabled
 Parallel Workers: 4
 Concurrent Workers: 1
 Concurrent Refinement Workers: 4
 Periodic GC: Disabled
Heap:
 garbage-first heap   total 133120K, used 14905K [0x0000000780000000, 0x0000000800000000)
  region size 1024K, 11 young (11264K), 5 survivors (5120K)
 Metaspace       used 20569K, committed 20864K, reserved 1073152K
  class space    used 2651K, committed 2816K, reserved 1048576K
GC Heap History (6 events):
Event: 1.420 GC heap before
{Heap before GC invocations=0 (full 0):
 garbage-first heap   total 133120K, used 13268K [0x0000000780000000, 0x0000000800000000)
  region size 1024K, 13 young (13312K), 0 survivors (0K)
 Metaspace       used 2485K, committed 2688K, reserved 1056768K
  class space    used 271K, committed 384K, reserved 1048576K
}
Event: 1.428 GC heap after
{Heap after GC invocations=1 (full 0):
 garbage-first heap   total 133120K, used 5159K [0x0000000780000000, 0x0000000800000000)
  region size 1024K, 2 young (2048K), 2 survivors (2048K)
 Metaspace       used 2485K, committed 2688K, reserved 1056768K
  class space    used 271K, committed 384K, reserved 1048576K
}
Event: 3.107 GC heap before
{Heap before GC invocations=1 (full 0):
 garbage-first heap   total 133120K, used 20519K [0x0000000780000000, 0x0000000800000000)
  region size 1024K, 17 young (17408K), 2 survivors (2048K)
 Metaspace       used 5988K, committed 6144K, reserved 1056768K
  class space    used 742K, committed 832K, reserved 1048576K
}
Event: 3.113 GC heap after
{Heap after GC invocations=2 (full 0):
 garbage-first heap   total 133120K, used 6283K [0x0000000780000000, 0x0000000800000000)
  region size 1024K, 2 young (2048K), 2 survivors (2048K)
 Metaspace       used 5988K, committed 6144K, reserved 1056768K
  class space    used 742K, committed 832K, reserved 1048576K
}
Event: 7.900 GC heap before
{Heap before GC invocations=2 (full 0):
 garbage-first heap   total 133120K, used 80011K [0x0000000780000000, 0x0000000800000000)
  region size 1024K, 74 young (75776K), 2 survivors (2048K)
 Metaspace       used 19566K, committed 19904K, reserved 1073152K
  class space    used 2525K, committed 2688K, reserved 1048576K
}
Event: 7.930 GC heap after
{Heap after GC invocations=3 (full 0):
 garbage-first heap   total 133120K, used 9785K [0x0000000780000000, 0x0000000800000000)
  region size 1024K, 5 young (5120K), 5 survivors (5120K)
 Metaspace       used 19566K, committed 19904K, reserved 1073152K
  class space    used 2525K, committed 2688K, reserved 1048576K
}

